#
# A fatal error has been detected by the Java Runtime Environment:
#
#  SIGSEGV (0xb) at pc=0x000000010e1de99c, pid=18800, tid=1811
#
# JRE version: Java(TM) SE Runtime Environment (7.0_75-b13) (build 1.7.0_75-b13)
# Java VM: Java HotSpot(TM) 64-Bit Server VM (24.75-b04 mixed mode bsd-amd64 compressed oops)
# Problematic frame:
# V  [libjvm.dylib+0x41e99c]  SR_handler(int, __siginfo*, __darwin_ucontext*)+0x30
#
# Failed to write core dump. Core dumps have been disabled. To enable core dumping, try "ulimit -c unlimited" before starting Java again
#
# If you would like to submit a bug report, please visit:
#   http://bugreport.sun.com/bugreport/crash.jsp
#

---------------  T H R E A D  ---------------

Current thread is native thread

siginfo:si_signo=SIGSEGV: si_errno=0, si_code=1 (SEGV_MAPERR), si_addr=0x0000000000000110

Registers:
RAX=0x0000000000000000, RBX=0x00007fff51f3b440, RCX=0x00007fff51f3b3d8, RDX=0x00007fff51f3b440
RSP=0x00007fff51f3af70, RBP=0x00007fff51f3afa0, RSI=0x00007fff51f3b3d8, RDI=0x0000000000000102
R8 =0x00007fff51f3b440, R9 =0x00000000ffffffff, R10=0x0000000000000c00, R11=0x0000000000000206
R12=0x0000000000000c00, R13=0x0000000000000000, R14=0x00007fff51f3b3d8, R15=0x0000000000001303
RIP=0x000000010e1de99c, EFLAGS=0x0000000000010206, ERR=0x0000000000000004
  TRAPNO=0x000000000000000e

Top of Stack: (sp=0x00007fff51f3af70)
0x00007fff51f3af70:   00007fff00000000 00007fff51f3b440
0x00007fff51f3af80:   0000000000000c00 0000000000000000
0x00007fff51f3af90:   00007fff51f3b660 0000000000001303
0x00007fff51f3afa0:   00007fff51f3afb0 00007fff9006ef1a
0x00007fff51f3afb0:   00007fff51f3b540 000000010dce0400
0x00007fff51f3afc0:   00007fff51f3b0b0 00007fff872dc289
0x00007fff51f3afd0:   0100001f00000085 00007fff729041b0
0x00007fff51f3afe0:   0000000010004005 00000000ffffffff
0x00007fff51f3aff0:   00007fff51f3b4f8 0000000000000000
0x00007fff51f3b000:   00007fff51f3b660 0000000007000806
0x00007fff51f3b010:   00007fff51f3b540 00007fff51f3b4f8
0x00007fff51f3b020:   0000000000001303 00000000ffffffff
0x00007fff51f3b030:   0000000000000c00 0000000000000206
0x00007fff51f3b040:   0000000000000c00 0000000000000000
0x00007fff51f3b050:   00007fff51f3b660 0000000000001303
0x00007fff51f3b060:   00007fff8a9ec4de 0000000000000206
0x00007fff51f3b070:   0000000000000007 0000000000000000
0x00007fff51f3b080:   0000000000000000 0000000000000000
0x00007fff51f3b090:   000000000000037f 0000000000000000
0x00007fff51f3b0a0:   0000000000000000 0000ffff00001fa0
0x00007fff51f3b0b0:   d600000000000000 000000000000ffff
0x00007fff51f3b0c0:   cd2e603d980f6800 000000000000400b
0x00007fff51f3b0d0:   eaf6603d980f6800 000000000000400b
0x00007fff51f3b0e0:   eaf6603d980f6800 000000000000400b
0x00007fff51f3b0f0:   eaf6603d980f6800 0000000000004009
0x00007fff51f3b100:   0000000000000000 0000000000000000
0x00007fff51f3b110:   eaf6603d980f6800 000000000000400b
0x00007fff51f3b120:   eaf6603d980f6800 000000000000400a
0x00007fff51f3b130:   41bac212de738173 0000000000000000
0x00007fff51f3b140:   41bac212de000000 0000000000000000
0x00007fff51f3b150:   c3de3f82c2b4cc18 439c07d3d4b33e79
0x00007fff51f3b160:   0000000000000000 0000000000000000 

Instructions: (pc=0x000000010e1de99c)
0x000000010e1de97c:   08 48 89 d3 49 89 f6 e8 1e 1e 12 00 8b 00 89 45
0x000000010e1de98c:   d0 48 8d 05 0c 6b 35 00 48 63 38 e8 bc 20 12 00
0x000000010e1de99c:   4c 8b b8 10 01 00 00 41 83 7f 34 01 0f 85 0a 01
0x000000010e1de9ac:   00 00 4d 8d 67 34 49 89 5f 40 4d 89 77 38 48 8d 

Register to memory mapping:

RAX=0x0000000000000000 is an unknown value
RBX=0x00007fff51f3b440 is an unknown value
RCX=0x00007fff51f3b3d8 is an unknown value
RDX=0x00007fff51f3b440 is an unknown value
RSP=0x00007fff51f3af70 is an unknown value
RBP=0x00007fff51f3afa0 is an unknown value
RSI=0x00007fff51f3b3d8 is an unknown value
RDI=0x0000000000000102 is an unknown value
R8 =0x00007fff51f3b440 is an unknown value
R9 =0x00000000ffffffff is an unknown value
R10=0x0000000000000c00 is an unknown value
R11=0x0000000000000206 is an unknown value
R12=0x0000000000000c00 is an unknown value
R13=0x0000000000000000 is an unknown value
R14=0x00007fff51f3b3d8 is an unknown value
R15=0x0000000000001303 is an unknown value


Stack: [0x00007fff51ebe000,0x00007fff51f3e000],  sp=0x00007fff51f3af70,  free space=499k
Native frames: (J=compiled Java code, j=interpreted, Vv=VM code, C=native code)
V  [libjvm.dylib+0x41e99c]  SR_handler(int, __siginfo*, __darwin_ucontext*)+0x30
C  [libsystem_platform.dylib+0x4f1a]  _sigtramp+0x1a
C  0x000000010dce0400
C  [CoreFoundation+0x72b34]  __CFRunLoopServiceMachPort+0xd4
C  [CoreFoundation+0x71ffb]  __CFRunLoopRun+0x55b
C  [CoreFoundation+0x71858]  CFRunLoopRunSpecific+0x128
C  [java+0x73b0]  CreateExecutionEnvironment+0x367
C  [java+0x1b5c]  JLI_Launch+0x7a0
C  [java+0x770d]  main+0x65
C  [java+0x13b4]  start+0x34


---------------  P R O C E S S  ---------------

VM state:not at safepoint (normal execution)

VM Mutex/Monitor currently owned by a thread: None

Heap
 PSYoungGen      total 38912K, used 6783K [0x00000007d5500000, 0x00000007d8000000, 0x0000000800000000)
  eden space 33792K, 20% used [0x00000007d5500000,0x00000007d5b9fd48,0x00000007d7600000)
  from space 5120K, 0% used [0x00000007d7b00000,0x00000007d7b00000,0x00000007d8000000)
  to   space 5120K, 0% used [0x00000007d7600000,0x00000007d7600000,0x00000007d7b00000)
 ParOldGen       total 87040K, used 0K [0x0000000780000000, 0x0000000785500000, 0x00000007d5500000)
  object space 87040K, 0% used [0x0000000780000000,0x0000000780000000,0x0000000785500000)
 PSPermGen       total 21504K, used 5134K [0x000000077ae00000, 0x000000077c300000, 0x0000000780000000)
  object space 21504K, 23% used [0x000000077ae00000,0x000000077b3039a8,0x000000077c300000)

Card table byte_map: [0x0000000111ec0000,0x00000001122ea000] byte_map_base: 0x000000010e2e9000

Polling page: 0x000000010e961000

Code Cache  [0x000000010ee00000, 0x000000010f070000, 0x0000000111e00000)
 total_blobs=235 nmethods=18 adapters=172 free_code_cache=48725Kb largest_free_block=49877696

Compilation events (10 events):
Event: 0.595 Thread 0x00007fd8a9062800   14             java.util.Arrays::fill (28 bytes)
Event: 0.596 Thread 0x00007fd8a9062800 nmethod 14 0x000000010ee69690 code [0x000000010ee697e0, 0x000000010ee698f8]
Event: 0.597 Thread 0x00007fd8a8844800   15 %           java.util.Arrays::fill @ 10 (28 bytes)
Event: 0.601 Thread 0x00007fd8a8844800 nmethod 15% 0x000000010ee69290 code [0x000000010ee693e0, 0x000000010ee69598]
Event: 0.611 Thread 0x00007fd8a9062800   16             java.lang.String::indexOf (166 bytes)
Event: 0.621 Thread 0x00007fd8a9062800 nmethod 16 0x000000010ee65150 code [0x000000010ee652a0, 0x000000010ee656f8]
Event: 0.627 Thread 0x00007fd8a8844800   17             java.lang.Math::min (11 bytes)
Event: 0.628 Thread 0x00007fd8a8844800 nmethod 17 0x000000010ee63110 code [0x000000010ee63240, 0x000000010ee63278]
Event: 0.720 Thread 0x00007fd8a8844800   18             java.lang.String::startsWith (72 bytes)
Event: 0.724 Thread 0x00007fd8a8844800 nmethod 18 0x000000010ee64d10 code [0x000000010ee64e60, 0x000000010ee65018]

GC Heap History (0 events):
No events

Deoptimization events (0 events):
No events

Internal exceptions (10 events):
Event: 0.785 Thread 0x00007fd8a9004800 Threw 0x00000007d5b7c080 at /HUDSON/workspace/7u-2-build-macosx-x86_64/jdk7u75/1940/hotspot/src/share/vm/prims/jvm.cpp:1281
Event: 0.785 Thread 0x00007fd8a9004800 Threw 0x00000007d5b7c4c0 at /HUDSON/workspace/7u-2-build-macosx-x86_64/jdk7u75/1940/hotspot/src/share/vm/prims/jvm.cpp:1281
Event: 0.786 Thread 0x00007fd8a9004800 Threw 0x00000007d5b83f28 at /HUDSON/workspace/7u-2-build-macosx-x86_64/jdk7u75/1940/hotspot/src/share/vm/prims/jvm.cpp:1281
Event: 0.786 Thread 0x00007fd8a9004800 Threw 0x00000007d5b84418 at /HUDSON/workspace/7u-2-build-macosx-x86_64/jdk7u75/1940/hotspot/src/share/vm/prims/jvm.cpp:1281
Event: 0.787 Thread 0x00007fd8a9004800 Threw 0x00000007d5b8bae8 at /HUDSON/workspace/7u-2-build-macosx-x86_64/jdk7u75/1940/hotspot/src/share/vm/prims/jvm.cpp:1281
Event: 0.787 Thread 0x00007fd8a9004800 Threw 0x00000007d5b8bfa8 at /HUDSON/workspace/7u-2-build-macosx-x86_64/jdk7u75/1940/hotspot/src/share/vm/prims/jvm.cpp:1281
Event: 0.788 Thread 0x00007fd8a9004800 Threw 0x00000007d5b91110 at /HUDSON/workspace/7u-2-build-macosx-x86_64/jdk7u75/1940/hotspot/src/share/vm/prims/jvm.cpp:1281
Event: 0.788 Thread 0x00007fd8a9004800 Threw 0x00000007d5b91600 at /HUDSON/workspace/7u-2-build-macosx-x86_64/jdk7u75/1940/hotspot/src/share/vm/prims/jvm.cpp:1281
Event: 0.788 Thread 0x00007fd8a9004800 Threw 0x00000007d5b96c68 at /HUDSON/workspace/7u-2-build-macosx-x86_64/jdk7u75/1940/hotspot/src/share/vm/prims/jvm.cpp:1281
Event: 0.788 Thread 0x00007fd8a9004800 Threw 0x00000007d5b97198 at /HUDSON/workspace/7u-2-build-macosx-x86_64/jdk7u75/1940/hotspot/src/share/vm/prims/jvm.cpp:1281

Events (10 events):
Event: 0.839 loading class 0x00007fd8a8892690
Event: 0.839 loading class 0x00007fd8a8892690 done
Event: 0.839 loading class 0x00007fd8a88927d0
Event: 0.839 loading class 0x00007fd8a88927d0 done
Event: 0.839 loading class 0x00007fd8a844c3b0
Event: 0.839 loading class 0x00007fd8a8892a50
Event: 0.839 loading class 0x00007fd8a8892c00
Event: 0.839 loading class 0x00007fd8a8893ff0
Event: 0.839 loading class 0x00007fd8a8892340
Event: 0.839 loading class 0x00007fd8a8892340 done


Dynamic libraries:
0x0000000001fac000 	/System/Library/Frameworks/Cocoa.framework/Versions/A/Cocoa
0x0000000001fac000 	/System/Library/Frameworks/Security.framework/Versions/A/Security
0x0000000001fac000 	/System/Library/Frameworks/ApplicationServices.framework/Versions/A/ApplicationServices
0x0000000001fac000 	/usr/lib/libz.1.dylib
0x0000000001fac000 	/usr/lib/libSystem.B.dylib
0x0000000001fac000 	/usr/lib/libobjc.A.dylib
0x0000000001fac000 	/System/Library/Frameworks/CoreFoundation.framework/Versions/A/CoreFoundation
0x0000000001fac000 	/System/Library/Frameworks/Foundation.framework/Versions/C/Foundation
0x0000000001fac000 	/System/Library/Frameworks/AppKit.framework/Versions/C/AppKit
0x0000000001fac000 	/System/Library/Frameworks/CoreData.framework/Versions/A/CoreData
0x0000000001fac000 	/System/Library/PrivateFrameworks/RemoteViewServices.framework/Versions/A/RemoteViewServices
0x0000000001fac000 	/System/Library/PrivateFrameworks/UIFoundation.framework/Versions/A/UIFoundation
0x0000000001fac000 	/System/Library/Frameworks/IOSurface.framework/Versions/A/IOSurface
0x0000000001fac000 	/System/Library/Frameworks/AudioToolbox.framework/Versions/A/AudioToolbox
0x0000000001fac000 	/System/Library/Frameworks/AudioUnit.framework/Versions/A/AudioUnit
0x0000000001fac000 	/System/Library/PrivateFrameworks/DataDetectorsCore.framework/Versions/A/DataDetectorsCore
0x0000000001fac000 	/System/Library/PrivateFrameworks/DesktopServicesPriv.framework/Versions/A/DesktopServicesPriv
0x0000000001fac000 	/System/Library/Frameworks/Carbon.framework/Versions/A/Frameworks/HIToolbox.framework/Versions/A/HIToolbox
0x0000000001fac000 	/System/Library/Frameworks/QuartzCore.framework/Versions/A/QuartzCore
0x0000000001fac000 	/System/Library/Frameworks/Carbon.framework/Versions/A/Frameworks/SpeechRecognition.framework/Versions/A/SpeechRecognition
0x0000000001fac000 	/usr/lib/libauto.dylib
0x0000000001fac000 	/usr/lib/libicucore.A.dylib
0x0000000001fac000 	/usr/lib/libxml2.2.dylib
0x0000000001fac000 	/System/Library/PrivateFrameworks/CoreUI.framework/Versions/A/CoreUI
0x0000000001fac000 	/System/Library/Frameworks/CoreAudio.framework/Versions/A/CoreAudio
0x0000000001fac000 	/System/Library/Frameworks/DiskArbitration.framework/Versions/A/DiskArbitration
0x0000000001fac000 	/usr/lib/liblangid.dylib
0x0000000001fac000 	/System/Library/PrivateFrameworks/MultitouchSupport.framework/Versions/A/MultitouchSupport
0x0000000001fac000 	/System/Library/Frameworks/IOKit.framework/Versions/A/IOKit
0x0000000001fac000 	/usr/lib/libDiagnosticMessagesClient.dylib
0x0000000001fac000 	/System/Library/Frameworks/CoreServices.framework/Versions/A/CoreServices
0x0000000001fac000 	/System/Library/PrivateFrameworks/PerformanceAnalysis.framework/Versions/A/PerformanceAnalysis
0x0000000001fac000 	/System/Library/PrivateFrameworks/GenerationalStorage.framework/Versions/A/GenerationalStorage
0x0000000001fac000 	/System/Library/Frameworks/OpenGL.framework/Versions/A/OpenGL
0x0000000001fac000 	/System/Library/PrivateFrameworks/Sharing.framework/Versions/A/Sharing
0x0000000001fac000 	/System/Library/Frameworks/CoreGraphics.framework/Versions/A/CoreGraphics
0x0000000001fac000 	/System/Library/Frameworks/CoreText.framework/Versions/A/CoreText
0x0000000001fac000 	/System/Library/Frameworks/ImageIO.framework/Versions/A/ImageIO
0x0000000001fac000 	/usr/lib/libextension.dylib
0x0000000001fac000 	/System/Library/PrivateFrameworks/Backup.framework/Versions/A/Backup
0x0000000001fac000 	/usr/lib/libarchive.2.dylib
0x0000000001fac000 	/System/Library/Frameworks/CFNetwork.framework/Versions/A/CFNetwork
0x0000000001fac000 	/System/Library/Frameworks/SystemConfiguration.framework/Versions/A/SystemConfiguration
0x0000000001fac000 	/usr/lib/libCRFSuite.dylib
0x0000000001fac000 	/usr/lib/libc++.1.dylib
0x0000000001fac000 	/usr/lib/libc++abi.dylib
0x0000000001fac000 	/usr/lib/system/libcache.dylib
0x0000000001fac000 	/usr/lib/system/libcommonCrypto.dylib
0x0000000001fac000 	/usr/lib/system/libcompiler_rt.dylib
0x0000000001fac000 	/usr/lib/system/libcopyfile.dylib
0x0000000001fac000 	/usr/lib/system/libcorecrypto.dylib
0x0000000001fac000 	/usr/lib/system/libdispatch.dylib
0x0000000001fac000 	/usr/lib/system/libdyld.dylib
0x0000000001fac000 	/usr/lib/system/libkeymgr.dylib
0x0000000001fac000 	/usr/lib/system/liblaunch.dylib
0x0000000001fac000 	/usr/lib/system/libmacho.dylib
0x0000000001fac000 	/usr/lib/system/libquarantine.dylib
0x0000000001fac000 	/usr/lib/system/libremovefile.dylib
0x0000000001fac000 	/usr/lib/system/libsystem_asl.dylib
0x0000000001fac000 	/usr/lib/system/libsystem_blocks.dylib
0x0000000001fac000 	/usr/lib/system/libsystem_c.dylib
0x0000000001fac000 	/usr/lib/system/libsystem_configuration.dylib
0x0000000001fac000 	/usr/lib/system/libsystem_coreservices.dylib
0x0000000001fac000 	/usr/lib/system/libsystem_coretls.dylib
0x0000000001fac000 	/usr/lib/system/libsystem_dnssd.dylib
0x0000000001fac000 	/usr/lib/system/libsystem_info.dylib
0x0000000001fac000 	/usr/lib/system/libsystem_kernel.dylib
0x0000000001fac000 	/usr/lib/system/libsystem_m.dylib
0x0000000001fac000 	/usr/lib/system/libsystem_malloc.dylib
0x0000000001fac000 	/usr/lib/system/libsystem_network.dylib
0x0000000001fac000 	/usr/lib/system/libsystem_networkextension.dylib
0x0000000001fac000 	/usr/lib/system/libsystem_notify.dylib
0x0000000001fac000 	/usr/lib/system/libsystem_platform.dylib
0x0000000001fac000 	/usr/lib/system/libsystem_pthread.dylib
0x0000000001fac000 	/usr/lib/system/libsystem_sandbox.dylib
0x0000000001fac000 	/usr/lib/system/libsystem_secinit.dylib
0x0000000001fac000 	/usr/lib/system/libsystem_stats.dylib
0x0000000001fac000 	/usr/lib/system/libsystem_trace.dylib
0x0000000001fac000 	/usr/lib/system/libunc.dylib
0x0000000001fac000 	/usr/lib/system/libunwind.dylib
0x0000000001fac000 	/usr/lib/system/libxpc.dylib
0x0000000001fac000 	/usr/lib/libbz2.1.0.dylib
0x0000000001fac000 	/usr/lib/liblzma.5.dylib
0x0000000001fac000 	/usr/lib/libbsm.0.dylib
0x0000000001fac000 	/usr/lib/libsqlite3.dylib
0x0000000001fac000 	/usr/lib/system/libkxld.dylib
0x0000000001fac000 	/usr/lib/libxar.1.dylib
0x0000000001fac000 	/usr/lib/libpam.2.dylib
0x0000000001fac000 	/usr/lib/libOpenScriptingUtil.dylib
0x0000000001fac000 	/System/Library/Frameworks/CoreServices.framework/Versions/A/Frameworks/FSEvents.framework/Versions/A/FSEvents
0x0000000001fac000 	/System/Library/Frameworks/CoreServices.framework/Versions/A/Frameworks/CarbonCore.framework/Versions/A/CarbonCore
0x0000000001fac000 	/System/Library/Frameworks/CoreServices.framework/Versions/A/Frameworks/Metadata.framework/Versions/A/Metadata
0x0000000001fac000 	/System/Library/Frameworks/CoreServices.framework/Versions/A/Frameworks/OSServices.framework/Versions/A/OSServices
0x0000000001fac000 	/System/Library/Frameworks/CoreServices.framework/Versions/A/Frameworks/SearchKit.framework/Versions/A/SearchKit
0x0000000001fac000 	/System/Library/Frameworks/CoreServices.framework/Versions/A/Frameworks/AE.framework/Versions/A/AE
0x0000000001fac000 	/System/Library/Frameworks/CoreServices.framework/Versions/A/Frameworks/LaunchServices.framework/Versions/A/LaunchServices
0x0000000001fac000 	/System/Library/Frameworks/CoreServices.framework/Versions/A/Frameworks/DictionaryServices.framework/Versions/A/DictionaryServices
0x0000000001fac000 	/System/Library/Frameworks/NetFS.framework/Versions/A/NetFS
0x0000000001fac000 	/System/Library/PrivateFrameworks/NetAuth.framework/Versions/A/NetAuth
0x0000000001fac000 	/System/Library/PrivateFrameworks/login.framework/Versions/A/Frameworks/loginsupport.framework/Versions/A/loginsupport
0x0000000001fac000 	/System/Library/PrivateFrameworks/TCC.framework/Versions/A/TCC
0x0000000001fac000 	/usr/lib/libmecabra.dylib
0x0000000001fac000 	/System/Library/Frameworks/ApplicationServices.framework/Versions/A/Frameworks/ATS.framework/Versions/A/ATS
0x0000000001fac000 	/System/Library/Frameworks/ApplicationServices.framework/Versions/A/Frameworks/ColorSync.framework/Versions/A/ColorSync
0x0000000001fac000 	/System/Library/Frameworks/ApplicationServices.framework/Versions/A/Frameworks/HIServices.framework/Versions/A/HIServices
0x0000000001fac000 	/System/Library/Frameworks/ApplicationServices.framework/Versions/A/Frameworks/LangAnalysis.framework/Versions/A/LangAnalysis
0x0000000001fac000 	/System/Library/Frameworks/ApplicationServices.framework/Versions/A/Frameworks/PrintCore.framework/Versions/A/PrintCore
0x0000000001fac000 	/System/Library/Frameworks/ApplicationServices.framework/Versions/A/Frameworks/QD.framework/Versions/A/QD
0x0000000001fac000 	/System/Library/Frameworks/ApplicationServices.framework/Versions/A/Frameworks/SpeechSynthesis.framework/Versions/A/SpeechSynthesis
0x0000000001fac000 	/System/Library/Frameworks/Accelerate.framework/Versions/A/Accelerate
0x0000000001fac000 	/System/Library/Frameworks/Accelerate.framework/Versions/A/Frameworks/vImage.framework/Versions/A/vImage
0x0000000001fac000 	/System/Library/Frameworks/Accelerate.framework/Versions/A/Frameworks/vecLib.framework/Versions/A/vecLib
0x0000000001fac000 	/System/Library/Frameworks/Accelerate.framework/Versions/A/Frameworks/vecLib.framework/Versions/A/libvDSP.dylib
0x0000000001fac000 	/System/Library/Frameworks/Accelerate.framework/Versions/A/Frameworks/vecLib.framework/Versions/A/libvMisc.dylib
0x0000000001fac000 	/System/Library/Frameworks/Accelerate.framework/Versions/A/Frameworks/vecLib.framework/Versions/A/libLAPACK.dylib
0x0000000001fac000 	/System/Library/Frameworks/Accelerate.framework/Versions/A/Frameworks/vecLib.framework/Versions/A/libBLAS.dylib
0x0000000001fac000 	/System/Library/Frameworks/Accelerate.framework/Versions/A/Frameworks/vecLib.framework/Versions/A/libLinearAlgebra.dylib
0x0000000001fac000 	/System/Library/Frameworks/ApplicationServices.framework/Versions/A/Frameworks/ATS.framework/Versions/A/Resources/libFontParser.dylib
0x0000000001fac000 	/System/Library/Frameworks/ApplicationServices.framework/Versions/A/Frameworks/ATS.framework/Versions/A/Resources/libFontRegistry.dylib
0x0000000001fac000 	/System/Library/PrivateFrameworks/AppleVPA.framework/Versions/A/AppleVPA
0x0000000001fac000 	/System/Library/PrivateFrameworks/AppleJPEG.framework/Versions/A/AppleJPEG
0x0000000001fac000 	/System/Library/Frameworks/ImageIO.framework/Versions/A/Resources/libJPEG.dylib
0x0000000001fac000 	/System/Library/Frameworks/ImageIO.framework/Versions/A/Resources/libTIFF.dylib
0x0000000001fac000 	/System/Library/Frameworks/ImageIO.framework/Versions/A/Resources/libPng.dylib
0x0000000001fac000 	/System/Library/Frameworks/ImageIO.framework/Versions/A/Resources/libGIF.dylib
0x0000000001fac000 	/System/Library/Frameworks/ImageIO.framework/Versions/A/Resources/libJP2.dylib
0x0000000001fac000 	/System/Library/Frameworks/ImageIO.framework/Versions/A/Resources/libRadiance.dylib
0x0000000001fac000 	/System/Library/Frameworks/CoreVideo.framework/Versions/A/CoreVideo
0x0000000001fac000 	/System/Library/Frameworks/OpenGL.framework/Versions/A/Libraries/libGLU.dylib
0x0000000001fac000 	/System/Library/Frameworks/OpenGL.framework/Versions/A/Libraries/libGFXShared.dylib
0x0000000001fac000 	/System/Library/Frameworks/OpenGL.framework/Versions/A/Libraries/libGL.dylib
0x0000000001fac000 	/System/Library/Frameworks/OpenGL.framework/Versions/A/Libraries/libGLImage.dylib
0x0000000001fac000 	/System/Library/Frameworks/OpenGL.framework/Versions/A/Libraries/libCVMSPluginSupport.dylib
0x0000000001fac000 	/System/Library/Frameworks/OpenGL.framework/Versions/A/Libraries/libCoreVMClient.dylib
0x0000000001fac000 	/usr/lib/libcups.2.dylib
0x0000000001fac000 	/System/Library/Frameworks/Kerberos.framework/Versions/A/Kerberos
0x0000000001fac000 	/System/Library/Frameworks/GSS.framework/Versions/A/GSS
0x0000000001fac000 	/usr/lib/libresolv.9.dylib
0x0000000001fac000 	/usr/lib/libiconv.2.dylib
0x0000000001fac000 	/System/Library/PrivateFrameworks/Heimdal.framework/Versions/A/Heimdal
0x0000000001fac000 	/usr/lib/libheimdal-asn1.dylib
0x0000000001fac000 	/System/Library/Frameworks/OpenDirectory.framework/Versions/A/OpenDirectory
0x0000000001fac000 	/System/Library/PrivateFrameworks/CommonAuth.framework/Versions/A/CommonAuth
0x0000000001fac000 	/System/Library/Frameworks/OpenDirectory.framework/Versions/A/Frameworks/CFOpenDirectory.framework/Versions/A/CFOpenDirectory
0x0000000001fac000 	/System/Library/Frameworks/SecurityFoundation.framework/Versions/A/SecurityFoundation
0x0000000001fac000 	/System/Library/PrivateFrameworks/LanguageModeling.framework/Versions/A/LanguageModeling
0x0000000001fac000 	/usr/lib/libcmph.dylib
0x0000000001fac000 	/System/Library/Frameworks/ServiceManagement.framework/Versions/A/ServiceManagement
0x0000000001fac000 	/usr/lib/libxslt.1.dylib
0x0000000001fac000 	/System/Library/Frameworks/Carbon.framework/Versions/A/Frameworks/Ink.framework/Versions/A/Ink
0x0000000001fac000 	/System/Library/Frameworks/QuartzCore.framework/Versions/A/Frameworks/CoreImage.framework/Versions/A/CoreImage
0x0000000001fac000 	/System/Library/PrivateFrameworks/CrashReporterSupport.framework/Versions/A/CrashReporterSupport
0x0000000001fac000 	/System/Library/Frameworks/OpenCL.framework/Versions/A/OpenCL
0x0000000001fac000 	/System/Library/PrivateFrameworks/FaceCore.framework/Versions/A/FaceCore
0x0000000001fac000 	/System/Library/PrivateFrameworks/Ubiquity.framework/Versions/A/Ubiquity
0x0000000001fac000 	/System/Library/PrivateFrameworks/IconServices.framework/Versions/A/IconServices
0x0000000001fac000 	/System/Library/PrivateFrameworks/ChunkingLibrary.framework/Versions/A/ChunkingLibrary
0x0000000001fac000 	/System/Library/PrivateFrameworks/Apple80211.framework/Versions/A/Apple80211
0x0000000001fac000 	/System/Library/Frameworks/CoreWLAN.framework/Versions/A/CoreWLAN
0x0000000001fac000 	/System/Library/Frameworks/IOBluetooth.framework/Versions/A/IOBluetooth
0x0000000001fac000 	/System/Library/PrivateFrameworks/CoreWiFi.framework/Versions/A/CoreWiFi
0x0000000001fac000 	/System/Library/Frameworks/CoreBluetooth.framework/Versions/A/CoreBluetooth
0x0000000001fac000 	/System/Library/PrivateFrameworks/DebugSymbols.framework/Versions/A/DebugSymbols
0x0000000001fac000 	/System/Library/PrivateFrameworks/CoreSymbolication.framework/Versions/A/CoreSymbolication
0x0000000001fac000 	/System/Library/PrivateFrameworks/Symbolication.framework/Versions/A/Symbolication
0x0000000001fac000 	/System/Library/PrivateFrameworks/SpeechRecognitionCore.framework/Versions/A/SpeechRecognitionCore
0x000000010ddc0000 	/Library/Java/JavaVirtualMachines/jdk1.7.0_75.jdk/Contents/Home/jre/lib/server/libjvm.dylib
0x0000000001fac000 	/usr/lib/libstdc++.6.dylib
0x000000010e924000 	/Library/Java/JavaVirtualMachines/jdk1.7.0_75.jdk/Contents/Home/jre/lib/libverify.dylib
0x000000010e931000 	/Library/Java/JavaVirtualMachines/jdk1.7.0_75.jdk/Contents/Home/jre/lib/libjava.dylib
0x000000010e982000 	/Library/Java/JavaVirtualMachines/jdk1.7.0_75.jdk/Contents/Home/jre/lib/libzip.dylib
0x0000000117db4000 	/System/Library/Frameworks/JavaVM.framework/Frameworks/JavaRuntimeSupport.framework/JavaRuntimeSupport
0x0000000117dcc000 	/System/Library/Frameworks/JavaVM.framework/Versions/A/Frameworks/JavaNativeFoundation.framework/Versions/A/JavaNativeFoundation
0x0000000117de1000 	/System/Library/Frameworks/JavaVM.framework/Versions/A/JavaVM
0x0000000001fac000 	/System/Library/Frameworks/Carbon.framework/Versions/A/Carbon
0x0000000117dee000 	/System/Library/PrivateFrameworks/JavaLaunching.framework/Versions/A/JavaLaunching
0x0000000001fac000 	/System/Library/Frameworks/Carbon.framework/Versions/A/Frameworks/CommonPanels.framework/Versions/A/CommonPanels
0x0000000001fac000 	/System/Library/Frameworks/Carbon.framework/Versions/A/Frameworks/Help.framework/Versions/A/Help
0x0000000001fac000 	/System/Library/Frameworks/Carbon.framework/Versions/A/Frameworks/ImageCapture.framework/Versions/A/ImageCapture
0x0000000001fac000 	/System/Library/Frameworks/Carbon.framework/Versions/A/Frameworks/OpenScripting.framework/Versions/A/OpenScripting
0x0000000001fac000 	/System/Library/Frameworks/Carbon.framework/Versions/A/Frameworks/Print.framework/Versions/A/Print
0x0000000001fac000 	/System/Library/Frameworks/Carbon.framework/Versions/A/Frameworks/SecurityHI.framework/Versions/A/SecurityHI

VM Arguments:
jvm_args: -Dant.home=/usr/local/Cellar/ant/1.9.4/libexec -Dant.library.dir=/usr/local/Cellar/ant/1.9.4/libexec/lib 
java_command: org.apache.tools.ant.launch.Launcher -cp  debug -f /Users/viktorot/SchoolProjects/cabbage-core/priv/cordova/platforms/android/build.xml -Dout.dir=ant-build -Dgen.absolute.dir=ant-gen
Launcher Type: SUN_STANDARD

Environment Variables:
JAVA_HOME=/Library/Java/JavaVirtualMachines/jdk1.7.0_75.jdk/Contents/Home
PATH=/usr/local/bin:/usr/bin:/bin:/usr/sbin:/sbin:/Users/viktorot/Library/Android/sdk/tools:/Users/viktorot/Library/Android/sdk/platform-tools
SHELL=/bin/bash

Signal Handlers:
SIGSEGV: [libjvm.dylib+0x52d20d], sa_mask[0]=0xfffefeff, sa_flags=0x00000043
SIGBUS: [libjvm.dylib+0x52d20d], sa_mask[0]=0xfffefeff, sa_flags=0x00000042
SIGFPE: [libjvm.dylib+0x41ee7a], sa_mask[0]=0xfffefeff, sa_flags=0x00000042
SIGPIPE: [libjvm.dylib+0x41ee7a], sa_mask[0]=0xfffefeff, sa_flags=0x00000042
SIGXFSZ: [libjvm.dylib+0x41ee7a], sa_mask[0]=0xfffefeff, sa_flags=0x00000042
SIGILL: [libjvm.dylib+0x41ee7a], sa_mask[0]=0xfffefeff, sa_flags=0x00000042
SIGUSR1: SIG_DFL, sa_mask[0]=0xfffefeff, sa_flags=0x00000000
SIGUSR2: [libjvm.dylib+0x41e96c], sa_mask[0]=0x00000000, sa_flags=0x00000042
SIGHUP: [libjvm.dylib+0x41cbfd], sa_mask[0]=0xfffefeff, sa_flags=0x00000042
SIGINT: [libjvm.dylib+0x41cbfd], sa_mask[0]=0xfffefeff, sa_flags=0x00000042
SIGTERM: [libjvm.dylib+0x41cbfd], sa_mask[0]=0xfffefeff, sa_flags=0x00000042
SIGQUIT: [libjvm.dylib+0x41cbfd], sa_mask[0]=0xfffefeff, sa_flags=0x00000042


---------------  S Y S T E M  ---------------

OS:Bsduname:Darwin 14.1.0 Darwin Kernel Version 14.1.0: Thu Feb 26 19:26:47 PST 2015; root:xnu-2782.10.73~1/RELEASE_X86_64 x86_64
rlimit: STACK 8192k, CORE 0k, NPROC 709, NOFILE 10240, AS infinity
load average:5.99 3.55 2.93

CPU:total 2 (2 cores per cpu, 1 threads per core) family 6 model 23 stepping 10, cmov, cx8, fxsr, mmx, sse, sse2, sse3, ssse3, sse4.1, tsc

Memory: 4k page, physical 8388608k(2097152k free)

/proc/meminfo:


vm_info: Java HotSpot(TM) 64-Bit Server VM (24.75-b04) for bsd-amd64 JRE (1.7.0_75-b13), built on Dec 18 2014 21:48:12 by "java_re" with gcc 4.2.1 (Based on Apple Inc. build 5658) (LLVM build 2336.11.00)

time: Tue Mar 24 22:47:11 2015
elapsed time: 0 seconds

