#
# A fatal error has been detected by the Java Runtime Environment:
#
#  SIGSEGV (0xb) at pc=0x000000010e7d999c, pid=18723, tid=1811
#
# JRE version: Java(TM) SE Runtime Environment (7.0_75-b13) (build 1.7.0_75-b13)
# Java VM: Java HotSpot(TM) 64-Bit Server VM (24.75-b04 mixed mode bsd-amd64 compressed oops)
# Problematic frame:
# V  [libjvm.dylib+0x41e99c]
#
# Failed to write core dump. Core dumps have been disabled. To enable core dumping, try "ulimit -c unlimited" before starting Java again
#
# If you would like to submit a bug report, please visit:
#   http://bugreport.sun.com/bugreport/crash.jsp
#

---------------  T H R E A D  ---------------

Current thread is native thread

siginfo:si_signo=SIGSEGV: si_errno=0, si_code=1 (SEGV_MAPERR), si_addr=0x0000000000000110

Registers:
RAX=0x0000000000000000, RBX=0x00007fff51940440, RCX=0x00007fff519403d8, RDX=0x00007fff51940440
RSP=0x00007fff5193ff70, RBP=0x00007fff5193ffa0, RSI=0x00007fff519403d8, RDI=0x0000000000000102
R8 =0x00007fff51940440, R9 =0x00000000ffffffff, R10=0x0000000000000c00, R11=0x0000000000000206
R12=0x0000000000000c00, R13=0x0000000000000000, R14=0x00007fff519403d8, R15=0x0000000000001e03
RIP=0x000000010e7d999c, EFLAGS=0x0000000000010206, ERR=0x0000000000000004
  TRAPNO=0x000000000000000e

Top of Stack: (sp=0x00007fff5193ff70)
0x00007fff5193ff70:   00007fff00000000 00007fff51940440
0x00007fff5193ff80:   0000000000000c00 0000000000000000
0x00007fff5193ff90:   00007fff51940660 0000000000001e03
0x00007fff5193ffa0:   00007fff5193ffb0 00007fff9006ef1a
0x00007fff5193ffb0:   00007fff51940540 000000010e2daa00
0x00007fff5193ffc0:   00007fff519400b0 00007fff872dc289
0x00007fff5193ffd0:   0100001f00000085 00007fff729041b0
0x00007fff5193ffe0:   0000000010004005 00000000ffffffff
0x00007fff5193fff0:   00007fff519404f8 0000000000000000
0x00007fff51940000:   00007fff51940660 0000000007000806
0x00007fff51940010:   00007fff51940540 00007fff519404f8
0x00007fff51940020:   0000000000001e03 00000000ffffffff
0x00007fff51940030:   0000000000000c00 0000000000000206
0x00007fff51940040:   0000000000000c00 0000000000000000
0x00007fff51940050:   00007fff51940660 0000000000001e03
0x00007fff51940060:   00007fff8a9ec4de 0000000000000206
0x00007fff51940070:   0000000000000007 0000000000000000
0x00007fff51940080:   0000000000000000 0000000000000000
0x00007fff51940090:   000000000000037f 0000000000000000
0x00007fff519400a0:   0000000000000000 0000ffff00001fa0
0x00007fff519400b0:   d600000000000000 000000000000ffff
0x00007fff519400c0:   cd2e603d980f6800 000000000000400b
0x00007fff519400d0:   eaf6603d980f6800 000000000000400b
0x00007fff519400e0:   eaf6603d980f6800 000000000000400b
0x00007fff519400f0:   eaf6603d980f6800 0000000000004009
0x00007fff51940100:   0000000000000000 0000000000000000
0x00007fff51940110:   eaf6603d980f6800 000000000000400b
0x00007fff51940120:   eaf6603d980f6800 000000000000400a
0x00007fff51940130:   41bac212cb4cdd1e 0000000000000000
0x00007fff51940140:   41bac212cb000000 0000000000000000
0x00007fff51940150:   c3de3f82c3d22d39 439c07d3c2dd2c6b
0x00007fff51940160:   0000000000000000 0000000000000000 

Instructions: (pc=0x000000010e7d999c)
0x000000010e7d997c:   08 48 89 d3 49 89 f6 e8 1e 1e 12 00 8b 00 89 45
0x000000010e7d998c:   d0 48 8d 05 0c 6b 35 00 48 63 38 e8 bc 20 12 00
0x000000010e7d999c:   4c 8b b8 10 01 00 00 41 83 7f 34 01 0f 85 0a 01
0x000000010e7d99ac:   00 00 4d 8d 67 34 49 89 5f 40 4d 89 77 38 48 8d 

Register to memory mapping:

RAX=0x0000000000000000 is an unknown value
RBX=0x00007fff51940440 is an unknown value
RCX=0x00007fff519403d8 is an unknown value
RDX=0x00007fff51940440 is an unknown value
RSP=0x00007fff5193ff70 is an unknown value
RBP=0x00007fff5193ffa0 is an unknown value
RSI=0x00007fff519403d8 is an unknown value
RDI=0x0000000000000102 is an unknown value
R8 =0x00007fff51940440 is an unknown value
R9 =0x00000000ffffffff is an unknown value
R10=0x0000000000000c00 is an unknown value
R11=0x0000000000000206 is an unknown value
R12=0x0000000000000c00 is an unknown value
R13=0x0000000000000000 is an unknown value
R14=0x00007fff519403d8 is an unknown value
R15=0x0000000000001e03 is an unknown value


Stack: [0x00007fff518c3000,0x00007fff51943000],  sp=0x00007fff5193ff70,  free space=499k
Native frames: (J=compiled Java code, j=interpreted, Vv=VM code, C=native code)
V  [libjvm.dylib+0x41e99c]
C  [libsystem_platform.dylib+0x4f1a]  _sigtramp+0x1a
C  0x000000010e2daa00
C  [CoreFoundation+0x72b34]  __CFRunLoopServiceMachPort+0xd4
C  [CoreFoundation+0x71ffb]  __CFRunLoopRun+0x55b
C  [CoreFoundation+0x71858]  CFRunLoopRunSpecific+0x128
C  [java+0x73b0]  CreateExecutionEnvironment+0x367
C  [java+0x1b5c]  JLI_Launch+0x7a0
C  [java+0x770d]  main+0x65
C  [java+0x13b4]  start+0x34


---------------  P R O C E S S  ---------------

VM state:not at safepoint (normal execution)

VM Mutex/Monitor currently owned by a thread: None

Heap
 PSYoungGen      total 38912K, used 7459K [0x000000016c800000, 0x000000016f300000, 0x0000000197300000)
  eden space 33792K, 22% used [0x000000016c800000,0x000000016cf48de0,0x000000016e900000)
  from space 5120K, 0% used [0x000000016ee00000,0x000000016ee00000,0x000000016f300000)
  to   space 5120K, 0% used [0x000000016e900000,0x000000016e900000,0x000000016ee00000)
 ParOldGen       total 87040K, used 0K [0x0000000117300000, 0x000000011c800000, 0x000000016c800000)
  object space 87040K, 0% used [0x0000000117300000,0x0000000117300000,0x000000011c800000)
 PSPermGen       total 21504K, used 5499K [0x0000000112100000, 0x0000000113600000, 0x0000000117300000)
  object space 21504K, 25% used [0x0000000112100000,0x000000011265eeb8,0x0000000113600000)

Card table byte_map: [0x0000000197300000,0x000000019772a000] byte_map_base: 0x0000000196a6f800

Polling page: 0x000000010ef5c000

Code Cache  [0x000000010ef6f000, 0x000000010f1df000, 0x0000000111f6f000)
 total_blobs=248 nmethods=19 adapters=184 free_code_cache=48711Kb largest_free_block=49858624

Compilation events (10 events):
Event: 0.515 Thread 0x00007fc3f982e000   15             java.lang.String::indexOf (166 bytes)
Event: 0.526 Thread 0x00007fc3f982e000 nmethod 15 0x000000010efdbf90 code [0x000000010efdc0e0, 0x000000010efdc538]
Event: 0.542 Thread 0x00007fc3f982c800   16             java.lang.Math::min (11 bytes)
Event: 0.543 Thread 0x00007fc3f982c800 nmethod 16 0x000000010efd1f10 code [0x000000010efd2040, 0x000000010efd2078]
Event: 0.562 Thread 0x00007fc3f982e000   17             java.lang.String::startsWith (72 bytes)
Event: 0.565 Thread 0x00007fc3f982e000 nmethod 17 0x000000010efd38d0 code [0x000000010efd3a20, 0x000000010efd3bd8]
Event: 0.644 Thread 0x00007fc3f982c800   18             java.lang.String::length (6 bytes)
Event: 0.645 Thread 0x00007fc3f982c800 nmethod 18 0x000000010efdded0 code [0x000000010efde000, 0x000000010efde078]
Event: 0.655 Thread 0x00007fc3f982e000   19             sun.nio.cs.UTF_8$Decoder::decode (640 bytes)
Event: 0.678 Thread 0x00007fc3f982e000 nmethod 19 0x000000010efe0610 code [0x000000010efe0900, 0x000000010efe16d0]

GC Heap History (0 events):
No events

Deoptimization events (0 events):
No events

Internal exceptions (10 events):
Event: 0.643 Thread 0x00007fc3fa007000 Threw 0x000000016cec5e10 at /HUDSON/workspace/7u-2-build-macosx-x86_64/jdk7u75/1940/hotspot/src/share/vm/prims/jvm.cpp:1281
Event: 0.643 Thread 0x00007fc3fa007000 Threw 0x000000016cec6480 at /HUDSON/workspace/7u-2-build-macosx-x86_64/jdk7u75/1940/hotspot/src/share/vm/prims/jvm.cpp:1281
Event: 0.644 Thread 0x00007fc3fa007000 Threw 0x000000016cecd768 at /HUDSON/workspace/7u-2-build-macosx-x86_64/jdk7u75/1940/hotspot/src/share/vm/prims/jvm.cpp:1281
Event: 0.644 Thread 0x00007fc3fa007000 Threw 0x000000016cecddb8 at /HUDSON/workspace/7u-2-build-macosx-x86_64/jdk7u75/1940/hotspot/src/share/vm/prims/jvm.cpp:1281
Event: 0.649 Thread 0x00007fc3fa007000 Threw 0x000000016ced25b8 at /HUDSON/workspace/7u-2-build-macosx-x86_64/jdk7u75/1940/hotspot/src/share/vm/prims/jvm.cpp:1281
Event: 0.649 Thread 0x00007fc3fa007000 Threw 0x000000016ced2c08 at /HUDSON/workspace/7u-2-build-macosx-x86_64/jdk7u75/1940/hotspot/src/share/vm/prims/jvm.cpp:1281
Event: 0.650 Thread 0x00007fc3fa007000 Threw 0x000000016ced89c8 at /HUDSON/workspace/7u-2-build-macosx-x86_64/jdk7u75/1940/hotspot/src/share/vm/prims/jvm.cpp:1281
Event: 0.650 Thread 0x00007fc3fa007000 Threw 0x000000016ced9118 at /HUDSON/workspace/7u-2-build-macosx-x86_64/jdk7u75/1940/hotspot/src/share/vm/prims/jvm.cpp:1281
Event: 0.652 Thread 0x00007fc3fa007000 Threw 0x000000016cee1d18 at /HUDSON/workspace/7u-2-build-macosx-x86_64/jdk7u75/1940/hotspot/src/share/vm/prims/jvm.cpp:1281
Event: 0.652 Thread 0x00007fc3fa007000 Threw 0x000000016cee23d0 at /HUDSON/workspace/7u-2-build-macosx-x86_64/jdk7u75/1940/hotspot/src/share/vm/prims/jvm.cpp:1281

Events (10 events):
Event: 0.650 loading class 0x00007fc3f9454200
Event: 0.650 loading class 0x00007fc3f9454200 done
Event: 0.652 loading class 0x00007fc3f9454250
Event: 0.652 loading class 0x00007fc3f9454250 done
Event: 0.653 loading class 0x000000019c2f2ee0
Event: 0.653 loading class 0x000000019c2f2ee0 done
Event: 0.654 loading class 0x000000019c3065b0
Event: 0.654 loading class 0x000000019c306640
Event: 0.654 loading class 0x000000019c306640 done
Event: 0.654 loading class 0x000000019c3065b0 done


Dynamic libraries:
0x0000000001fac000 	/System/Library/Frameworks/Cocoa.framework/Versions/A/Cocoa
0x0000000001fac000 	/System/Library/Frameworks/Security.framework/Versions/A/Security
0x0000000001fac000 	/System/Library/Frameworks/ApplicationServices.framework/Versions/A/ApplicationServices
0x0000000001fac000 	/usr/lib/libz.1.dylib
0x0000000001fac000 	/usr/lib/libSystem.B.dylib
0x0000000001fac000 	/usr/lib/libobjc.A.dylib
0x0000000001fac000 	/System/Library/Frameworks/CoreFoundation.framework/Versions/A/CoreFoundation
0x0000000001fac000 	/System/Library/Frameworks/Foundation.framework/Versions/C/Foundation
0x0000000001fac000 	/System/Library/Frameworks/AppKit.framework/Versions/C/AppKit
0x0000000001fac000 	/System/Library/Frameworks/CoreData.framework/Versions/A/CoreData
0x0000000001fac000 	/System/Library/PrivateFrameworks/RemoteViewServices.framework/Versions/A/RemoteViewServices
0x0000000001fac000 	/System/Library/PrivateFrameworks/UIFoundation.framework/Versions/A/UIFoundation
0x0000000001fac000 	/System/Library/Frameworks/IOSurface.framework/Versions/A/IOSurface
0x0000000001fac000 	/System/Library/Frameworks/AudioToolbox.framework/Versions/A/AudioToolbox
0x0000000001fac000 	/System/Library/Frameworks/AudioUnit.framework/Versions/A/AudioUnit
0x0000000001fac000 	/System/Library/PrivateFrameworks/DataDetectorsCore.framework/Versions/A/DataDetectorsCore
0x0000000001fac000 	/System/Library/PrivateFrameworks/DesktopServicesPriv.framework/Versions/A/DesktopServicesPriv
0x0000000001fac000 	/System/Library/Frameworks/Carbon.framework/Versions/A/Frameworks/HIToolbox.framework/Versions/A/HIToolbox
0x0000000001fac000 	/System/Library/Frameworks/QuartzCore.framework/Versions/A/QuartzCore
0x0000000001fac000 	/System/Library/Frameworks/Carbon.framework/Versions/A/Frameworks/SpeechRecognition.framework/Versions/A/SpeechRecognition
0x0000000001fac000 	/usr/lib/libauto.dylib
0x0000000001fac000 	/usr/lib/libicucore.A.dylib
0x0000000001fac000 	/usr/lib/libxml2.2.dylib
0x0000000001fac000 	/System/Library/PrivateFrameworks/CoreUI.framework/Versions/A/CoreUI
0x0000000001fac000 	/System/Library/Frameworks/CoreAudio.framework/Versions/A/CoreAudio
0x0000000001fac000 	/System/Library/Frameworks/DiskArbitration.framework/Versions/A/DiskArbitration
0x0000000001fac000 	/usr/lib/liblangid.dylib
0x0000000001fac000 	/System/Library/PrivateFrameworks/MultitouchSupport.framework/Versions/A/MultitouchSupport
0x0000000001fac000 	/System/Library/Frameworks/IOKit.framework/Versions/A/IOKit
0x0000000001fac000 	/usr/lib/libDiagnosticMessagesClient.dylib
0x0000000001fac000 	/System/Library/Frameworks/CoreServices.framework/Versions/A/CoreServices
0x0000000001fac000 	/System/Library/PrivateFrameworks/PerformanceAnalysis.framework/Versions/A/PerformanceAnalysis
0x0000000001fac000 	/System/Library/PrivateFrameworks/GenerationalStorage.framework/Versions/A/GenerationalStorage
0x0000000001fac000 	/System/Library/Frameworks/OpenGL.framework/Versions/A/OpenGL
0x0000000001fac000 	/System/Library/PrivateFrameworks/Sharing.framework/Versions/A/Sharing
0x0000000001fac000 	/System/Library/Frameworks/CoreGraphics.framework/Versions/A/CoreGraphics
0x0000000001fac000 	/System/Library/Frameworks/CoreText.framework/Versions/A/CoreText
0x0000000001fac000 	/System/Library/Frameworks/ImageIO.framework/Versions/A/ImageIO
0x0000000001fac000 	/usr/lib/libextension.dylib
0x0000000001fac000 	/System/Library/PrivateFrameworks/Backup.framework/Versions/A/Backup
0x0000000001fac000 	/usr/lib/libarchive.2.dylib
0x0000000001fac000 	/System/Library/Frameworks/CFNetwork.framework/Versions/A/CFNetwork
0x0000000001fac000 	/System/Library/Frameworks/SystemConfiguration.framework/Versions/A/SystemConfiguration
0x0000000001fac000 	/usr/lib/libCRFSuite.dylib
0x0000000001fac000 	/usr/lib/libc++.1.dylib
0x0000000001fac000 	/usr/lib/libc++abi.dylib
0x0000000001fac000 	/usr/lib/system/libcache.dylib
0x0000000001fac000 	/usr/lib/system/libcommonCrypto.dylib
0x0000000001fac000 	/usr/lib/system/libcompiler_rt.dylib
0x0000000001fac000 	/usr/lib/system/libcopyfile.dylib
0x0000000001fac000 	/usr/lib/system/libcorecrypto.dylib
0x0000000001fac000 	/usr/lib/system/libdispatch.dylib
0x0000000001fac000 	/usr/lib/system/libdyld.dylib
0x0000000001fac000 	/usr/lib/system/libkeymgr.dylib
0x0000000001fac000 	/usr/lib/system/liblaunch.dylib
0x0000000001fac000 	/usr/lib/system/libmacho.dylib
0x0000000001fac000 	/usr/lib/system/libquarantine.dylib
0x0000000001fac000 	/usr/lib/system/libremovefile.dylib
0x0000000001fac000 	/usr/lib/system/libsystem_asl.dylib
0x0000000001fac000 	/usr/lib/system/libsystem_blocks.dylib
0x0000000001fac000 	/usr/lib/system/libsystem_c.dylib
0x0000000001fac000 	/usr/lib/system/libsystem_configuration.dylib
0x0000000001fac000 	/usr/lib/system/libsystem_coreservices.dylib
0x0000000001fac000 	/usr/lib/system/libsystem_coretls.dylib
0x0000000001fac000 	/usr/lib/system/libsystem_dnssd.dylib
0x0000000001fac000 	/usr/lib/system/libsystem_info.dylib
0x0000000001fac000 	/usr/lib/system/libsystem_kernel.dylib
0x0000000001fac000 	/usr/lib/system/libsystem_m.dylib
0x0000000001fac000 	/usr/lib/system/libsystem_malloc.dylib
0x0000000001fac000 	/usr/lib/system/libsystem_network.dylib
0x0000000001fac000 	/usr/lib/system/libsystem_networkextension.dylib
0x0000000001fac000 	/usr/lib/system/libsystem_notify.dylib
0x0000000001fac000 	/usr/lib/system/libsystem_platform.dylib
0x0000000001fac000 	/usr/lib/system/libsystem_pthread.dylib
0x0000000001fac000 	/usr/lib/system/libsystem_sandbox.dylib
0x0000000001fac000 	/usr/lib/system/libsystem_secinit.dylib
0x0000000001fac000 	/usr/lib/system/libsystem_stats.dylib
0x0000000001fac000 	/usr/lib/system/libsystem_trace.dylib
0x0000000001fac000 	/usr/lib/system/libunc.dylib
0x0000000001fac000 	/usr/lib/system/libunwind.dylib
0x0000000001fac000 	/usr/lib/system/libxpc.dylib
0x0000000001fac000 	/usr/lib/libbz2.1.0.dylib
0x0000000001fac000 	/usr/lib/liblzma.5.dylib
0x0000000001fac000 	/usr/lib/libbsm.0.dylib
0x0000000001fac000 	/usr/lib/libsqlite3.dylib
0x0000000001fac000 	/usr/lib/system/libkxld.dylib
0x0000000001fac000 	/usr/lib/libxar.1.dylib
0x0000000001fac000 	/usr/lib/libpam.2.dylib
0x0000000001fac000 	/usr/lib/libOpenScriptingUtil.dylib
0x0000000001fac000 	/System/Library/Frameworks/CoreServices.framework/Versions/A/Frameworks/FSEvents.framework/Versions/A/FSEvents
0x0000000001fac000 	/System/Library/Frameworks/CoreServices.framework/Versions/A/Frameworks/CarbonCore.framework/Versions/A/CarbonCore
0x0000000001fac000 	/System/Library/Frameworks/CoreServices.framework/Versions/A/Frameworks/Metadata.framework/Versions/A/Metadata
0x0000000001fac000 	/System/Library/Frameworks/CoreServices.framework/Versions/A/Frameworks/OSServices.framework/Versions/A/OSServices
0x0000000001fac000 	/System/Library/Frameworks/CoreServices.framework/Versions/A/Frameworks/SearchKit.framework/Versions/A/SearchKit
0x0000000001fac000 	/System/Library/Frameworks/CoreServices.framework/Versions/A/Frameworks/AE.framework/Versions/A/AE
0x0000000001fac000 	/System/Library/Frameworks/CoreServices.framework/Versions/A/Frameworks/LaunchServices.framework/Versions/A/LaunchServices
0x0000000001fac000 	/System/Library/Frameworks/CoreServices.framework/Versions/A/Frameworks/DictionaryServices.framework/Versions/A/DictionaryServices
0x0000000001fac000 	/System/Library/Frameworks/NetFS.framework/Versions/A/NetFS
0x0000000001fac000 	/System/Library/PrivateFrameworks/NetAuth.framework/Versions/A/NetAuth
0x0000000001fac000 	/System/Library/PrivateFrameworks/login.framework/Versions/A/Frameworks/loginsupport.framework/Versions/A/loginsupport
0x0000000001fac000 	/System/Library/PrivateFrameworks/TCC.framework/Versions/A/TCC
0x0000000001fac000 	/usr/lib/libmecabra.dylib
0x0000000001fac000 	/System/Library/Frameworks/ApplicationServices.framework/Versions/A/Frameworks/ATS.framework/Versions/A/ATS
0x0000000001fac000 	/System/Library/Frameworks/ApplicationServices.framework/Versions/A/Frameworks/ColorSync.framework/Versions/A/ColorSync
0x0000000001fac000 	/System/Library/Frameworks/ApplicationServices.framework/Versions/A/Frameworks/HIServices.framework/Versions/A/HIServices
0x0000000001fac000 	/System/Library/Frameworks/ApplicationServices.framework/Versions/A/Frameworks/LangAnalysis.framework/Versions/A/LangAnalysis
0x0000000001fac000 	/System/Library/Frameworks/ApplicationServices.framework/Versions/A/Frameworks/PrintCore.framework/Versions/A/PrintCore
0x0000000001fac000 	/System/Library/Frameworks/ApplicationServices.framework/Versions/A/Frameworks/QD.framework/Versions/A/QD
0x0000000001fac000 	/System/Library/Frameworks/ApplicationServices.framework/Versions/A/Frameworks/SpeechSynthesis.framework/Versions/A/SpeechSynthesis
0x0000000001fac000 	/System/Library/Frameworks/Accelerate.framework/Versions/A/Accelerate
0x0000000001fac000 	/System/Library/Frameworks/Accelerate.framework/Versions/A/Frameworks/vImage.framework/Versions/A/vImage
0x0000000001fac000 	/System/Library/Frameworks/Accelerate.framework/Versions/A/Frameworks/vecLib.framework/Versions/A/vecLib
0x0000000001fac000 	/System/Library/Frameworks/Accelerate.framework/Versions/A/Frameworks/vecLib.framework/Versions/A/libvDSP.dylib
0x0000000001fac000 	/System/Library/Frameworks/Accelerate.framework/Versions/A/Frameworks/vecLib.framework/Versions/A/libvMisc.dylib
0x0000000001fac000 	/System/Library/Frameworks/Accelerate.framework/Versions/A/Frameworks/vecLib.framework/Versions/A/libLAPACK.dylib
0x0000000001fac000 	/System/Library/Frameworks/Accelerate.framework/Versions/A/Frameworks/vecLib.framework/Versions/A/libBLAS.dylib
0x0000000001fac000 	/System/Library/Frameworks/Accelerate.framework/Versions/A/Frameworks/vecLib.framework/Versions/A/libLinearAlgebra.dylib
0x0000000001fac000 	/System/Library/Frameworks/ApplicationServices.framework/Versions/A/Frameworks/ATS.framework/Versions/A/Resources/libFontParser.dylib
0x0000000001fac000 	/System/Library/Frameworks/ApplicationServices.framework/Versions/A/Frameworks/ATS.framework/Versions/A/Resources/libFontRegistry.dylib
0x0000000001fac000 	/System/Library/PrivateFrameworks/AppleVPA.framework/Versions/A/AppleVPA
0x0000000001fac000 	/System/Library/PrivateFrameworks/AppleJPEG.framework/Versions/A/AppleJPEG
0x0000000001fac000 	/System/Library/Frameworks/ImageIO.framework/Versions/A/Resources/libJPEG.dylib
0x0000000001fac000 	/System/Library/Frameworks/ImageIO.framework/Versions/A/Resources/libTIFF.dylib
0x0000000001fac000 	/System/Library/Frameworks/ImageIO.framework/Versions/A/Resources/libPng.dylib
0x0000000001fac000 	/System/Library/Frameworks/ImageIO.framework/Versions/A/Resources/libGIF.dylib
0x0000000001fac000 	/System/Library/Frameworks/ImageIO.framework/Versions/A/Resources/libJP2.dylib
0x0000000001fac000 	/System/Library/Frameworks/ImageIO.framework/Versions/A/Resources/libRadiance.dylib
0x0000000001fac000 	/System/Library/Frameworks/CoreVideo.framework/Versions/A/CoreVideo
0x0000000001fac000 	/System/Library/Frameworks/OpenGL.framework/Versions/A/Libraries/libGLU.dylib
0x0000000001fac000 	/System/Library/Frameworks/OpenGL.framework/Versions/A/Libraries/libGFXShared.dylib
0x0000000001fac000 	/System/Library/Frameworks/OpenGL.framework/Versions/A/Libraries/libGL.dylib
0x0000000001fac000 	/System/Library/Frameworks/OpenGL.framework/Versions/A/Libraries/libGLImage.dylib
0x0000000001fac000 	/System/Library/Frameworks/OpenGL.framework/Versions/A/Libraries/libCVMSPluginSupport.dylib
0x0000000001fac000 	/System/Library/Frameworks/OpenGL.framework/Versions/A/Libraries/libCoreVMClient.dylib
0x0000000001fac000 	/usr/lib/libcups.2.dylib
0x0000000001fac000 	/System/Library/Frameworks/Kerberos.framework/Versions/A/Kerberos
0x0000000001fac000 	/System/Library/Frameworks/GSS.framework/Versions/A/GSS
0x0000000001fac000 	/usr/lib/libresolv.9.dylib
0x0000000001fac000 	/usr/lib/libiconv.2.dylib
0x0000000001fac000 	/System/Library/PrivateFrameworks/Heimdal.framework/Versions/A/Heimdal
0x0000000001fac000 	/usr/lib/libheimdal-asn1.dylib
0x0000000001fac000 	/System/Library/Frameworks/OpenDirectory.framework/Versions/A/OpenDirectory
0x0000000001fac000 	/System/Library/PrivateFrameworks/CommonAuth.framework/Versions/A/CommonAuth
0x0000000001fac000 	/System/Library/Frameworks/OpenDirectory.framework/Versions/A/Frameworks/CFOpenDirectory.framework/Versions/A/CFOpenDirectory
0x0000000001fac000 	/System/Library/Frameworks/SecurityFoundation.framework/Versions/A/SecurityFoundation
0x0000000001fac000 	/System/Library/PrivateFrameworks/LanguageModeling.framework/Versions/A/LanguageModeling
0x0000000001fac000 	/usr/lib/libcmph.dylib
0x0000000001fac000 	/System/Library/Frameworks/ServiceManagement.framework/Versions/A/ServiceManagement
0x0000000001fac000 	/usr/lib/libxslt.1.dylib
0x0000000001fac000 	/System/Library/Frameworks/Carbon.framework/Versions/A/Frameworks/Ink.framework/Versions/A/Ink
0x0000000001fac000 	/System/Library/Frameworks/QuartzCore.framework/Versions/A/Frameworks/CoreImage.framework/Versions/A/CoreImage
0x0000000001fac000 	/System/Library/PrivateFrameworks/CrashReporterSupport.framework/Versions/A/CrashReporterSupport
0x0000000001fac000 	/System/Library/Frameworks/OpenCL.framework/Versions/A/OpenCL
0x0000000001fac000 	/System/Library/PrivateFrameworks/FaceCore.framework/Versions/A/FaceCore
0x0000000001fac000 	/System/Library/PrivateFrameworks/Ubiquity.framework/Versions/A/Ubiquity
0x0000000001fac000 	/System/Library/PrivateFrameworks/IconServices.framework/Versions/A/IconServices
0x0000000001fac000 	/System/Library/PrivateFrameworks/ChunkingLibrary.framework/Versions/A/ChunkingLibrary
0x0000000001fac000 	/System/Library/PrivateFrameworks/Apple80211.framework/Versions/A/Apple80211
0x0000000001fac000 	/System/Library/Frameworks/CoreWLAN.framework/Versions/A/CoreWLAN
0x0000000001fac000 	/System/Library/Frameworks/IOBluetooth.framework/Versions/A/IOBluetooth
0x0000000001fac000 	/System/Library/PrivateFrameworks/CoreWiFi.framework/Versions/A/CoreWiFi
0x0000000001fac000 	/System/Library/Frameworks/CoreBluetooth.framework/Versions/A/CoreBluetooth
0x0000000001fac000 	/System/Library/PrivateFrameworks/DebugSymbols.framework/Versions/A/DebugSymbols
0x0000000001fac000 	/System/Library/PrivateFrameworks/CoreSymbolication.framework/Versions/A/CoreSymbolication
0x0000000001fac000 	/System/Library/PrivateFrameworks/Symbolication.framework/Versions/A/Symbolication
0x0000000001fac000 	/System/Library/PrivateFrameworks/SpeechRecognitionCore.framework/Versions/A/SpeechRecognitionCore
0x000000010e3bb000 	/Library/Java/JavaVirtualMachines/jdk1.7.0_75.jdk/Contents/Home/jre/lib/server/libjvm.dylib
0x0000000001fac000 	/usr/lib/libstdc++.6.dylib
0x000000010ef1f000 	/Library/Java/JavaVirtualMachines/jdk1.7.0_75.jdk/Contents/Home/jre/lib/libverify.dylib
0x000000010ef2c000 	/Library/Java/JavaVirtualMachines/jdk1.7.0_75.jdk/Contents/Home/jre/lib/libjava.dylib
0x000000010ef66000 	/Library/Java/JavaVirtualMachines/jdk1.7.0_75.jdk/Contents/Home/jre/lib/libzip.dylib
0x000000019c5e5000 	/System/Library/Frameworks/JavaVM.framework/Frameworks/JavaRuntimeSupport.framework/JavaRuntimeSupport
0x000000019d649000 	/System/Library/Frameworks/JavaVM.framework/Versions/A/Frameworks/JavaNativeFoundation.framework/Versions/A/JavaNativeFoundation
0x000000019d65e000 	/System/Library/Frameworks/JavaVM.framework/Versions/A/JavaVM
0x0000000001fac000 	/System/Library/Frameworks/Carbon.framework/Versions/A/Carbon
0x000000019d66b000 	/System/Library/PrivateFrameworks/JavaLaunching.framework/Versions/A/JavaLaunching
0x0000000001fac000 	/System/Library/Frameworks/Carbon.framework/Versions/A/Frameworks/CommonPanels.framework/Versions/A/CommonPanels
0x0000000001fac000 	/System/Library/Frameworks/Carbon.framework/Versions/A/Frameworks/Help.framework/Versions/A/Help
0x0000000001fac000 	/System/Library/Frameworks/Carbon.framework/Versions/A/Frameworks/ImageCapture.framework/Versions/A/ImageCapture
0x0000000001fac000 	/System/Library/Frameworks/Carbon.framework/Versions/A/Frameworks/OpenScripting.framework/Versions/A/OpenScripting
0x0000000001fac000 	/System/Library/Frameworks/Carbon.framework/Versions/A/Frameworks/Print.framework/Versions/A/Print
0x0000000001fac000 	/System/Library/Frameworks/Carbon.framework/Versions/A/Frameworks/SecurityHI.framework/Versions/A/SecurityHI
0x000000019f470000 	/Library/Java/JavaVirtualMachines/jdk1.7.0_75.jdk/Contents/Home/jre/lib/libnio.dylib
0x000000019f47f000 	/Library/Java/JavaVirtualMachines/jdk1.7.0_75.jdk/Contents/Home/jre/lib/./libnet.dylib

VM Arguments:
jvm_args: -Dant.home=/usr/local/Cellar/ant/1.9.4/libexec -Dant.library.dir=/usr/local/Cellar/ant/1.9.4/libexec/lib 
java_command: org.apache.tools.ant.launch.Launcher -cp  debug -f /Users/viktorot/SchoolProjects/cabbage-core/priv/cordova/platforms/android/build.xml -Dout.dir=ant-build -Dgen.absolute.dir=ant-gen
Launcher Type: SUN_STANDARD

Environment Variables:
JAVA_HOME=/Library/Java/JavaVirtualMachines/jdk1.7.0_75.jdk/Contents/Home
PATH=/usr/local/bin:/usr/bin:/bin:/usr/sbin:/sbin:/Users/viktorot/Library/Android/sdk/tools:/Users/viktorot/Library/Android/sdk/platform-tools
SHELL=/bin/bash

Signal Handlers:
SIGSEGV: [libjvm.dylib+0x52d20d], sa_mask[0]=0xfffefeff, sa_flags=0x00000043
SIGBUS: [libjvm.dylib+0x52d20d], sa_mask[0]=0xfffefeff, sa_flags=0x00000042
SIGFPE: [libjvm.dylib+0x41ee7a], sa_mask[0]=0xfffefeff, sa_flags=0x00000042
SIGPIPE: [libjvm.dylib+0x41ee7a], sa_mask[0]=0xfffefeff, sa_flags=0x00000042
SIGXFSZ: [libjvm.dylib+0x41ee7a], sa_mask[0]=0xfffefeff, sa_flags=0x00000042
SIGILL: [libjvm.dylib+0x41ee7a], sa_mask[0]=0xfffefeff, sa_flags=0x00000042
SIGUSR1: SIG_DFL, sa_mask[0]=0xfffefeff, sa_flags=0x00000000
SIGUSR2: [libjvm.dylib+0x41e96c], sa_mask[0]=0x00000000, sa_flags=0x00000042
SIGHUP: [libjvm.dylib+0x41cbfd], sa_mask[0]=0xfffefeff, sa_flags=0x00000042
SIGINT: [libjvm.dylib+0x41cbfd], sa_mask[0]=0xfffefeff, sa_flags=0x00000042
SIGTERM: [libjvm.dylib+0x41cbfd], sa_mask[0]=0xfffefeff, sa_flags=0x00000042
SIGQUIT: [libjvm.dylib+0x41cbfd], sa_mask[0]=0xfffefeff, sa_flags=0x00000042


---------------  S Y S T E M  ---------------

OS:Bsduname:Darwin 14.1.0 Darwin Kernel Version 14.1.0: Thu Feb 26 19:26:47 PST 2015; root:xnu-2782.10.73~1/RELEASE_X86_64 x86_64
rlimit: STACK 8192k, CORE 0k, NPROC 709, NOFILE 10240, AS infinity
load average:5.88 3.40 2.87

CPU:total 2 (2 cores per cpu, 1 threads per core) family 6 model 23 stepping 10, cmov, cx8, fxsr, mmx, sse, sse2, sse3, ssse3, sse4.1, tsc

Memory: 4k page, physical 8388608k(2097152k free)

/proc/meminfo:


vm_info: Java HotSpot(TM) 64-Bit Server VM (24.75-b04) for bsd-amd64 JRE (1.7.0_75-b13), built on Dec 18 2014 21:48:12 by "java_re" with gcc 4.2.1 (Based on Apple Inc. build 5658) (LLVM build 2336.11.00)

time: Tue Mar 24 22:46:52 2015
elapsed time: 0 seconds

